Collecting vastai
  Downloading vastai-1.0.3-py3-none-any.whl.metadata (4.1 kB)
Collecting aiodns>=3.6.0 (from vastai)
  Downloading aiodns-4.0.0-py3-none-any.whl.metadata (7.7 kB)
Collecting aiohttp>=3.9.1 (from vastai)
  Downloading aiohttp-3.13.5-cp312-cp312-manylinux2014_x86_64.manylinux_2_17_x86_64.manylinux_2_28_x86_64.whl.metadata (8.1 kB)
Collecting anyio<5.0,>=4.4 (from vastai)
  Downloading anyio-4.13.0-py3-none-any.whl.metadata (4.5 kB)
Collecting argcomplete>=2.0 (from vastai)
  Downloading argcomplete-3.6.3-py3-none-any.whl.metadata (16 kB)
Collecting borb<2.2.0,>=2.1.25 (from vastai)
  Downloading borb-2.1.25-py3-none-any.whl.metadata (4.6 kB)
Collecting cryptography<=46.0.4 (from vastai)
  Downloading cryptography-46.0.4-cp311-abi3-manylinux_2_34_x86_64.whl.metadata (5.7 kB)
Collecting curlify>=2.2 (from vastai)
  Downloading curlify-3.0.0-py3-none-any.whl.metadata (2.4 kB)
Collecting psutil<7.0,>=6.0 (from vastai)
  Downloading psutil-6.1.1-cp36-abi3-manylinux_2_12_x86_64.manylinux2010_x86_64.manylinux_2_17_x86_64.manylinux2014_x86_64.whl.metadata (22 kB)
Collecting pycares==4.11.0 (from vastai)
  Downloading pycares-4.11.0-cp312-cp312-manylinux_2_28_x86_64.whl.metadata (4.5 kB)
Collecting pycryptodome<4.0,>=3.20 (from vastai)
  Downloading pycryptodome-3.23.0-cp37-abi3-manylinux_2_17_x86_64.manylinux2014_x86_64.whl.metadata (3.4 kB)
Collecting pyparsing<4.0,>=3.1 (from vastai)
  Downloading pyparsing-3.3.2-py3-none-any.whl.metadata (5.8 kB)
Collecting python-dateutil>=2.8.2 (from vastai)
  Using cached python_dateutil-2.9.0.post0-py2.py3-none-any.whl.metadata (8.4 kB)
Collecting requests>=2.32.3 (from vastai)
  Downloading requests-2.33.1-py3-none-any.whl.metadata (4.8 kB)
Collecting rich>=13.0 (from vastai)
  Downloading rich-15.0.0-py3-none-any.whl.metadata (18 kB)
Collecting urllib3<3.0,>=2.0 (from vastai)
  Using cached urllib3-2.6.3-py3-none-any.whl.metadata (6.9 kB)
Collecting xdg>=1.0.0 (from vastai)
  Downloading xdg-6.0.0-py3-none-any.whl.metadata (1.3 kB)
Collecting cffi>=1.5.0 (from pycares==4.11.0->vastai)
  Using cached cffi-2.0.0-cp312-cp312-manylinux2014_x86_64.manylinux_2_17_x86_64.whl.metadata (2.6 kB)
Collecting idna>=2.8 (from anyio<5.0,>=4.4->vastai)
  Using cached idna-3.11-py3-none-any.whl.metadata (8.4 kB)
Requirement already satisfied: typing_extensions>=4.5 in /home/jules/.pyenv/versions/3.12.13/lib/python3.12/site-packages (from anyio<5.0,>=4.4->vastai) (4.15.0)
Collecting fonttools>=4.22.1 (from borb<2.2.0,>=2.1.25->vastai)
  Downloading fonttools-4.62.1-cp312-cp312-manylinux2014_x86_64.manylinux_2_17_x86_64.whl.metadata (117 kB)
Collecting lxml>=4.9.1 (from borb<2.2.0,>=2.1.25->vastai)
  Downloading lxml-6.1.0-cp312-cp312-manylinux_2_26_x86_64.manylinux_2_28_x86_64.whl.metadata (4.0 kB)
Collecting Pillow>=7.1.0 (from borb<2.2.0,>=2.1.25->vastai)
  Downloading pillow-12.2.0-cp312-cp312-manylinux_2_27_x86_64.manylinux_2_28_x86_64.whl.metadata (8.8 kB)
Collecting python-barcode>=0.13.1 (from borb<2.2.0,>=2.1.25->vastai)
  Downloading python_barcode-0.16.1-py3-none-any.whl.metadata (2.7 kB)
Collecting qrcode>=6.1 (from qrcode[pil]>=6.1->borb<2.2.0,>=2.1.25->vastai)
  Downloading qrcode-8.2-py3-none-any.whl.metadata (17 kB)
Collecting setuptools>=51.1.1 (from borb<2.2.0,>=2.1.25->vastai)
  Downloading setuptools-82.0.1-py3-none-any.whl.metadata (6.5 kB)
INFO: pip is looking at multiple versions of aiodns to determine which version is compatible with other requirements. This could take a while.
Collecting aiodns>=3.6.0 (from vastai)
  Downloading aiodns-3.6.1-py3-none-any.whl.metadata (5.8 kB)
Collecting aiohappyeyeballs>=2.5.0 (from aiohttp>=3.9.1->vastai)
  Downloading aiohappyeyeballs-2.6.1-py3-none-any.whl.metadata (5.9 kB)
Collecting aiosignal>=1.4.0 (from aiohttp>=3.9.1->vastai)
  Downloading aiosignal-1.4.0-py3-none-any.whl.metadata (3.7 kB)
Collecting attrs>=17.3.0 (from aiohttp>=3.9.1->vastai)
  Downloading attrs-26.1.0-py3-none-any.whl.metadata (8.8 kB)
Collecting frozenlist>=1.1.1 (from aiohttp>=3.9.1->vastai)
  Downloading frozenlist-1.8.0-cp312-cp312-manylinux1_x86_64.manylinux_2_28_x86_64.manylinux_2_5_x86_64.whl.metadata (20 kB)
Collecting multidict<7.0,>=4.5 (from aiohttp>=3.9.1->vastai)
  Downloading multidict-6.7.1-cp312-cp312-manylinux2014_x86_64.manylinux_2_17_x86_64.manylinux_2_28_x86_64.whl.metadata (5.3 kB)
Collecting propcache>=0.2.0 (from aiohttp>=3.9.1->vastai)
  Downloading propcache-0.4.1-cp312-cp312-manylinux2014_x86_64.manylinux_2_17_x86_64.manylinux_2_28_x86_64.whl.metadata (13 kB)
Collecting yarl<2.0,>=1.17.0 (from aiohttp>=3.9.1->vastai)
  Downloading yarl-1.23.0-cp312-cp312-manylinux2014_x86_64.manylinux_2_17_x86_64.manylinux_2_28_x86_64.whl.metadata (79 kB)
Collecting pycparser (from cffi>=1.5.0->pycares==4.11.0->vastai)
  Using cached pycparser-3.0-py3-none-any.whl.metadata (8.2 kB)
Collecting six>=1.5 (from python-dateutil>=2.8.2->vastai)
  Using cached six-1.17.0-py2.py3-none-any.whl.metadata (1.7 kB)
Collecting charset_normalizer<4,>=2 (from requests>=2.32.3->vastai)
  Downloading charset_normalizer-3.4.7-cp312-cp312-manylinux2014_x86_64.manylinux_2_17_x86_64.manylinux_2_28_x86_64.whl.metadata (40 kB)
Collecting certifi>=2023.5.7 (from requests>=2.32.3->vastai)
  Using cached certifi-2026.2.25-py3-none-any.whl.metadata (2.5 kB)
Collecting markdown-it-py>=2.2.0 (from rich>=13.0->vastai)
  Downloading markdown_it_py-4.0.0-py3-none-any.whl.metadata (7.3 kB)
Collecting pygments<3.0.0,>=2.13.0 (from rich>=13.0->vastai)
  Downloading pygments-2.20.0-py3-none-any.whl.metadata (2.5 kB)
Collecting mdurl~=0.1 (from markdown-it-py>=2.2.0->rich>=13.0->vastai)
  Downloading mdurl-0.1.2-py3-none-any.whl.metadata (1.6 kB)
Downloading vastai-1.0.3-py3-none-any.whl (235 kB)
Downloading pycares-4.11.0-cp312-cp312-manylinux_2_28_x86_64.whl (641 kB)
   ━━━━━━━━━━━━━━━━━━━━━━━━━━━━━━━━━━━━━━━━ 641.1/641.1 kB 13.6 MB/s  0:00:00
Downloading anyio-4.13.0-py3-none-any.whl (114 kB)
Downloading borb-2.1.25-py3-none-any.whl (12.3 MB)
   ━━━━━━━━━━━━━━━━━━━━━━━━━━━━━━━━━━━━━━━━ 12.3/12.3 MB 32.1 MB/s  0:00:00
Downloading cryptography-46.0.4-cp311-abi3-manylinux_2_34_x86_64.whl (4.5 MB)
   ━━━━━━━━━━━━━━━━━━━━━━━━━━━━━━━━━━━━━━━━ 4.5/4.5 MB 87.4 MB/s  0:00:00
Downloading psutil-6.1.1-cp36-abi3-manylinux_2_12_x86_64.manylinux2010_x86_64.manylinux_2_17_x86_64.manylinux2014_x86_64.whl (287 kB)
Downloading pycryptodome-3.23.0-cp37-abi3-manylinux_2_17_x86_64.manylinux2014_x86_64.whl (2.3 MB)
   ━━━━━━━━━━━━━━━━━━━━━━━━━━━━━━━━━━━━━━━━ 2.3/2.3 MB 51.6 MB/s  0:00:00
Downloading pyparsing-3.3.2-py3-none-any.whl (122 kB)
Using cached urllib3-2.6.3-py3-none-any.whl (131 kB)
Downloading aiodns-3.6.1-py3-none-any.whl (8.0 kB)
Downloading aiohttp-3.13.5-cp312-cp312-manylinux2014_x86_64.manylinux_2_17_x86_64.manylinux_2_28_x86_64.whl (1.8 MB)
   ━━━━━━━━━━━━━━━━━━━━━━━━━━━━━━━━━━━━━━━━ 1.8/1.8 MB 34.7 MB/s  0:00:00
Downloading multidict-6.7.1-cp312-cp312-manylinux2014_x86_64.manylinux_2_17_x86_64.manylinux_2_28_x86_64.whl (256 kB)
Downloading yarl-1.23.0-cp312-cp312-manylinux2014_x86_64.manylinux_2_17_x86_64.manylinux_2_28_x86_64.whl (100 kB)
Downloading aiohappyeyeballs-2.6.1-py3-none-any.whl (15 kB)
Downloading aiosignal-1.4.0-py3-none-any.whl (7.5 kB)
Downloading argcomplete-3.6.3-py3-none-any.whl (43 kB)
Downloading attrs-26.1.0-py3-none-any.whl (67 kB)
Using cached cffi-2.0.0-cp312-cp312-manylinux2014_x86_64.manylinux_2_17_x86_64.whl (219 kB)
Downloading curlify-3.0.0-py3-none-any.whl (3.6 kB)
Downloading fonttools-4.62.1-cp312-cp312-manylinux2014_x86_64.manylinux_2_17_x86_64.whl (5.0 MB)
   ━━━━━━━━━━━━━━━━━━━━━━━━━━━━━━━━━━━━━━━━ 5.0/5.0 MB 33.7 MB/s  0:00:00
Downloading frozenlist-1.8.0-cp312-cp312-manylinux1_x86_64.manylinux_2_28_x86_64.manylinux_2_5_x86_64.whl (242 kB)
Using cached idna-3.11-py3-none-any.whl (71 kB)
Downloading lxml-6.1.0-cp312-cp312-manylinux_2_26_x86_64.manylinux_2_28_x86_64.whl (5.2 MB)
   ━━━━━━━━━━━━━━━━━━━━━━━━━━━━━━━━━━━━━━━━ 5.2/5.2 MB 38.4 MB/s  0:00:00
Downloading pillow-12.2.0-cp312-cp312-manylinux_2_27_x86_64.manylinux_2_28_x86_64.whl (7.1 MB)
   ━━━━━━━━━━━━━━━━━━━━━━━━━━━━━━━━━━━━━━━━ 7.1/7.1 MB 38.5 MB/s  0:00:00
Downloading propcache-0.4.1-cp312-cp312-manylinux2014_x86_64.manylinux_2_17_x86_64.manylinux_2_28_x86_64.whl (221 kB)
Downloading python_barcode-0.16.1-py3-none-any.whl (228 kB)
Using cached python_dateutil-2.9.0.post0-py2.py3-none-any.whl (229 kB)
Downloading qrcode-8.2-py3-none-any.whl (45 kB)
Downloading requests-2.33.1-py3-none-any.whl (64 kB)
Downloading charset_normalizer-3.4.7-cp312-cp312-manylinux2014_x86_64.manylinux_2_17_x86_64.manylinux_2_28_x86_64.whl (216 kB)
Using cached certifi-2026.2.25-py3-none-any.whl (153 kB)
Downloading rich-15.0.0-py3-none-any.whl (310 kB)
Downloading pygments-2.20.0-py3-none-any.whl (1.2 MB)
   ━━━━━━━━━━━━━━━━━━━━━━━━━━━━━━━━━━━━━━━━ 1.2/1.2 MB 83.8 MB/s  0:00:00
Downloading markdown_it_py-4.0.0-py3-none-any.whl (87 kB)
Downloading mdurl-0.1.2-py3-none-any.whl (10.0 kB)
Downloading setuptools-82.0.1-py3-none-any.whl (1.0 MB)
   ━━━━━━━━━━━━━━━━━━━━━━━━━━━━━━━━━━━━━━━━ 1.0/1.0 MB 29.2 MB/s  0:00:00
Using cached six-1.17.0-py2.py3-none-any.whl (11 kB)
Downloading xdg-6.0.0-py3-none-any.whl (3.9 kB)
Using cached pycparser-3.0-py3-none-any.whl (48 kB)
Installing collected packages: xdg, urllib3, six, setuptools, qrcode, python-barcode, pyparsing, pygments, pycryptodome, pycparser, psutil, propcache, Pillow, multidict, mdurl, lxml, idna, frozenlist, fonttools, charset_normalizer, certifi, attrs, argcomplete, aiohappyeyeballs, yarl, requests, python-dateutil, markdown-it-py, cffi, anyio, aiosignal, rich, pycares, curlify, cryptography, aiohttp, borb, aiodns, vastai

Successfully installed Pillow-12.2.0 aiodns-3.6.1 aiohappyeyeballs-2.6.1 aiohttp-3.13.5 aiosignal-1.4.0 anyio-4.13.0 argcomplete-3.6.3 attrs-26.1.0 borb-2.1.25 certifi-2026.2.25 cffi-2.0.0 charset_normalizer-3.4.7 cryptography-46.0.4 curlify-3.0.0 fonttools-4.62.1 frozenlist-1.8.0 idna-3.11 lxml-6.1.0 markdown-it-py-4.0.0 mdurl-0.1.2 multidict-6.7.1 propcache-0.4.1 psutil-6.1.1 pycares-4.11.0 pycparser-3.0 pycryptodome-3.23.0 pygments-2.20.0 pyparsing-3.3.2 python-barcode-0.16.1 python-dateutil-2.9.0.post0 qrcode-8.2 requests-2.33.1 rich-15.0.0 setuptools-82.0.1 six-1.17.0 urllib3-2.6.3 vastai-1.0.3 xdg-6.0.0 yarl-1.23.0
