Requirement already satisfied: platformio in /home/jules/.pyenv/versions/3.12.13/lib/python3.12/site-packages (6.1.19)
Requirement already satisfied: bottle==0.13.* in /home/jules/.pyenv/versions/3.12.13/lib/python3.12/site-packages (from platformio) (0.13.4)
Requirement already satisfied: click<8.4,>=8.0.4 in /home/jules/.pyenv/versions/3.12.13/lib/python3.12/site-packages (from platformio) (8.3.2)
Requirement already satisfied: colorama in /home/jules/.pyenv/versions/3.12.13/lib/python3.12/site-packages (from platformio) (0.4.6)
Requirement already satisfied: marshmallow==3.* in /home/jules/.pyenv/versions/3.12.13/lib/python3.12/site-packages (from platformio) (3.26.2)
Requirement already satisfied: pyelftools<1,>=0.27 in /home/jules/.pyenv/versions/3.12.13/lib/python3.12/site-packages (from platformio) (0.32)
Requirement already satisfied: pyserial==3.5.* in /home/jules/.pyenv/versions/3.12.13/lib/python3.12/site-packages (from platformio) (3.5)
Requirement already satisfied: requests==2.* in /home/jules/.pyenv/versions/3.12.13/lib/python3.12/site-packages (from platformio) (2.33.1)
Requirement already satisfied: semantic_version==2.10.* in /home/jules/.pyenv/versions/3.12.13/lib/python3.12/site-packages (from platformio) (2.10.0)
Requirement already satisfied: tabulate==0.* in /home/jules/.pyenv/versions/3.12.13/lib/python3.12/site-packages (from platformio) (0.10.0)
Requirement already satisfied: ajsonrpc==1.2.* in /home/jules/.pyenv/versions/3.12.13/lib/python3.12/site-packages (from platformio) (1.2.0)
Requirement already satisfied: starlette<0.53,>=0.19 in /home/jules/.pyenv/versions/3.12.13/lib/python3.12/site-packages (from platformio) (0.52.1)
Requirement already satisfied: uvicorn<0.41,>=0.16 in /home/jules/.pyenv/versions/3.12.13/lib/python3.12/site-packages (from platformio) (0.40.0)
Requirement already satisfied: wsproto==1.* in /home/jules/.pyenv/versions/3.12.13/lib/python3.12/site-packages (from platformio) (1.3.2)
Requirement already satisfied: packaging>=17.0 in /home/jules/.pyenv/versions/3.12.13/lib/python3.12/site-packages (from marshmallow==3.*->platformio) (26.1)
Requirement already satisfied: charset_normalizer<4,>=2 in /home/jules/.pyenv/versions/3.12.13/lib/python3.12/site-packages (from requests==2.*->platformio) (3.4.7)
Requirement already satisfied: idna<4,>=2.5 in /home/jules/.pyenv/versions/3.12.13/lib/python3.12/site-packages (from requests==2.*->platformio) (3.11)
Requirement already satisfied: urllib3<3,>=1.26 in /home/jules/.pyenv/versions/3.12.13/lib/python3.12/site-packages (from requests==2.*->platformio) (2.6.3)
Requirement already satisfied: certifi>=2023.5.7 in /home/jules/.pyenv/versions/3.12.13/lib/python3.12/site-packages (from requests==2.*->platformio) (2026.2.25)
Requirement already satisfied: anyio<5,>=3.6.2 in /home/jules/.pyenv/versions/3.12.13/lib/python3.12/site-packages (from starlette<0.53,>=0.19->platformio) (4.13.0)
Requirement already satisfied: typing-extensions>=4.10.0 in /home/jules/.pyenv/versions/3.12.13/lib/python3.12/site-packages (from starlette<0.53,>=0.19->platformio) (4.15.0)
Requirement already satisfied: h11>=0.8 in /home/jules/.pyenv/versions/3.12.13/lib/python3.12/site-packages (from uvicorn<0.41,>=0.16->platformio) (0.16.0)
