Collecting schemathesis
  Downloading schemathesis-4.15.2-py3-none-any.whl.metadata (9.8 kB)
Collecting click<9,>=8.0 (from schemathesis)
  Downloading click-8.3.2-py3-none-any.whl.metadata (2.6 kB)
Collecting harfile<1.0,>=0.4.0 (from schemathesis)
  Downloading harfile-0.4.0-py3-none-any.whl.metadata (4.0 kB)
Collecting httpx<1.0,>=0.22.0 (from schemathesis)
  Using cached httpx-0.28.1-py3-none-any.whl.metadata (7.1 kB)
Collecting hypothesis-graphql<1,>=0.12.0 (from schemathesis)
  Downloading hypothesis_graphql-0.12.0-py3-none-any.whl.metadata (8.1 kB)
Collecting hypothesis-jsonschema<0.24,>=0.23.1 (from schemathesis)
  Downloading hypothesis_jsonschema-0.23.1-py3-none-any.whl.metadata (4.4 kB)
Collecting hypothesis<7,>=6.108.0 (from schemathesis)
  Downloading hypothesis-6.152.1-py3-none-any.whl.metadata (5.6 kB)
Collecting jsonschema-rs>=0.44.1 (from schemathesis)
  Downloading jsonschema_rs-0.46.1-cp310-abi3-manylinux_2_17_x86_64.manylinux2014_x86_64.whl.metadata (26 kB)
Collecting jsonschema<5.0,>=4.18.0 (from schemathesis)
  Downloading jsonschema-4.26.0-py3-none-any.whl.metadata (7.6 kB)
Collecting junit-xml<2.0,>=1.9 (from schemathesis)
  Downloading junit_xml-1.9-py2.py3-none-any.whl.metadata (3.2 kB)
Collecting pyrate-limiter<5.0,>=4.0 (from schemathesis)
  Downloading pyrate_limiter-4.1.0-py3-none-any.whl.metadata (28 kB)
Collecting pytest<10,>=9 (from schemathesis)
  Downloading pytest-9.0.3-py3-none-any.whl.metadata (7.6 kB)
Collecting pyyaml<7.0,>=5.1 (from schemathesis)
  Using cached pyyaml-6.0.3-cp312-cp312-manylinux2014_x86_64.manylinux_2_17_x86_64.manylinux_2_28_x86_64.whl.metadata (2.4 kB)
Collecting requests<3,>=2.22 (from schemathesis)
  Downloading requests-2.33.1-py3-none-any.whl.metadata (4.8 kB)
Collecting rich>=13.9.4 (from schemathesis)
  Downloading rich-15.0.0-py3-none-any.whl.metadata (18 kB)
Collecting starlette-testclient<1,>=0.4.1 (from schemathesis)
  Downloading starlette_testclient-0.4.1-py3-none-any.whl.metadata (2.5 kB)
Collecting tenacity<10.0,>=9.1.2 (from schemathesis)
  Downloading tenacity-9.1.4-py3-none-any.whl.metadata (1.2 kB)
Requirement already satisfied: typing-extensions>=4.12.2 in /home/jules/.pyenv/versions/3.12.13/lib/python3.12/site-packages (from schemathesis) (4.15.0)
Collecting werkzeug<4,>=0.16.0 (from schemathesis)
  Downloading werkzeug-3.1.8-py3-none-any.whl.metadata (4.0 kB)
Collecting anyio (from httpx<1.0,>=0.22.0->schemathesis)
  Downloading anyio-4.13.0-py3-none-any.whl.metadata (4.5 kB)
Collecting certifi (from httpx<1.0,>=0.22.0->schemathesis)
  Using cached certifi-2026.2.25-py3-none-any.whl.metadata (2.5 kB)
Collecting httpcore==1.* (from httpx<1.0,>=0.22.0->schemathesis)
  Using cached httpcore-1.0.9-py3-none-any.whl.metadata (21 kB)
Collecting idna (from httpx<1.0,>=0.22.0->schemathesis)
  Using cached idna-3.11-py3-none-any.whl.metadata (8.4 kB)
Collecting h11>=0.16 (from httpcore==1.*->httpx<1.0,>=0.22.0->schemathesis)
  Using cached h11-0.16.0-py3-none-any.whl.metadata (8.3 kB)
Collecting sortedcontainers<3.0.0,>=2.1.0 (from hypothesis<7,>=6.108.0->schemathesis)
  Downloading sortedcontainers-2.4.0-py2.py3-none-any.whl.metadata (10 kB)
Collecting graphql-core<3.3.0,>=3.1.0 (from hypothesis-graphql<1,>=0.12.0->schemathesis)
  Downloading graphql_core-3.2.8-py3-none-any.whl.metadata (11 kB)
Collecting attrs>=22.2.0 (from jsonschema<5.0,>=4.18.0->schemathesis)
  Downloading attrs-26.1.0-py3-none-any.whl.metadata (8.8 kB)
Collecting jsonschema-specifications>=2023.03.6 (from jsonschema<5.0,>=4.18.0->schemathesis)
  Downloading jsonschema_specifications-2025.9.1-py3-none-any.whl.metadata (2.9 kB)
Collecting referencing>=0.28.4 (from jsonschema<5.0,>=4.18.0->schemathesis)
  Downloading referencing-0.37.0-py3-none-any.whl.metadata (2.8 kB)
Collecting rpds-py>=0.25.0 (from jsonschema<5.0,>=4.18.0->schemathesis)
  Downloading rpds_py-0.30.0-cp312-cp312-manylinux_2_17_x86_64.manylinux2014_x86_64.whl.metadata (4.1 kB)
Collecting six (from junit-xml<2.0,>=1.9->schemathesis)
  Using cached six-1.17.0-py2.py3-none-any.whl.metadata (1.7 kB)
Collecting iniconfig>=1.0.1 (from pytest<10,>=9->schemathesis)
  Using cached iniconfig-2.3.0-py3-none-any.whl.metadata (2.5 kB)
Collecting packaging>=22 (from pytest<10,>=9->schemathesis)
  Downloading packaging-26.1-py3-none-any.whl.metadata (3.5 kB)
Collecting pluggy<2,>=1.5 (from pytest<10,>=9->schemathesis)
  Using cached pluggy-1.6.0-py3-none-any.whl.metadata (4.8 kB)
Collecting pygments>=2.7.2 (from pytest<10,>=9->schemathesis)
  Downloading pygments-2.20.0-py3-none-any.whl.metadata (2.5 kB)
Collecting charset_normalizer<4,>=2 (from requests<3,>=2.22->schemathesis)
  Downloading charset_normalizer-3.4.7-cp312-cp312-manylinux2014_x86_64.manylinux_2_17_x86_64.manylinux_2_28_x86_64.whl.metadata (40 kB)
Collecting urllib3<3,>=1.26 (from requests<3,>=2.22->schemathesis)
  Using cached urllib3-2.6.3-py3-none-any.whl.metadata (6.9 kB)
Collecting starlette>=0.20.1 (from starlette-testclient<1,>=0.4.1->schemathesis)
  Downloading starlette-1.0.0-py3-none-any.whl.metadata (6.3 kB)
Collecting markupsafe>=2.1.1 (from werkzeug<4,>=0.16.0->schemathesis)
  Using cached markupsafe-3.0.3-cp312-cp312-manylinux2014_x86_64.manylinux_2_17_x86_64.manylinux_2_28_x86_64.whl.metadata (2.7 kB)
Collecting markdown-it-py>=2.2.0 (from rich>=13.9.4->schemathesis)
  Downloading markdown_it_py-4.0.0-py3-none-any.whl.metadata (7.3 kB)
Collecting mdurl~=0.1 (from markdown-it-py>=2.2.0->rich>=13.9.4->schemathesis)
  Downloading mdurl-0.1.2-py3-none-any.whl.metadata (1.6 kB)
Downloading schemathesis-4.15.2-py3-none-any.whl (517 kB)
Downloading click-8.3.2-py3-none-any.whl (108 kB)
Downloading harfile-0.4.0-py3-none-any.whl (6.9 kB)
Using cached httpx-0.28.1-py3-none-any.whl (73 kB)
Using cached httpcore-1.0.9-py3-none-any.whl (78 kB)
Downloading hypothesis-6.152.1-py3-none-any.whl (530 kB)
   ━━━━━━━━━━━━━━━━━━━━━━━━━━━━━━━━━━━━━━━━ 530.8/530.8 kB 16.6 MB/s  0:00:00
Downloading hypothesis_graphql-0.12.0-py3-none-any.whl (20 kB)
Downloading graphql_core-3.2.8-py3-none-any.whl (207 kB)
Downloading hypothesis_jsonschema-0.23.1-py3-none-any.whl (29 kB)
Downloading jsonschema-4.26.0-py3-none-any.whl (90 kB)
Downloading junit_xml-1.9-py2.py3-none-any.whl (7.1 kB)
Downloading pyrate_limiter-4.1.0-py3-none-any.whl (38 kB)
Downloading pytest-9.0.3-py3-none-any.whl (375 kB)
Using cached pluggy-1.6.0-py3-none-any.whl (20 kB)
Using cached pyyaml-6.0.3-cp312-cp312-manylinux2014_x86_64.manylinux_2_17_x86_64.manylinux_2_28_x86_64.whl (807 kB)
Downloading requests-2.33.1-py3-none-any.whl (64 kB)
Downloading charset_normalizer-3.4.7-cp312-cp312-manylinux2014_x86_64.manylinux_2_17_x86_64.manylinux_2_28_x86_64.whl (216 kB)
Using cached idna-3.11-py3-none-any.whl (71 kB)
Downloading sortedcontainers-2.4.0-py2.py3-none-any.whl (29 kB)
Downloading starlette_testclient-0.4.1-py3-none-any.whl (8.1 kB)
Downloading tenacity-9.1.4-py3-none-any.whl (28 kB)
Using cached urllib3-2.6.3-py3-none-any.whl (131 kB)
Downloading werkzeug-3.1.8-py3-none-any.whl (226 kB)
Downloading attrs-26.1.0-py3-none-any.whl (67 kB)
Using cached certifi-2026.2.25-py3-none-any.whl (153 kB)
Using cached h11-0.16.0-py3-none-any.whl (37 kB)
Using cached iniconfig-2.3.0-py3-none-any.whl (7.5 kB)
Downloading jsonschema_rs-0.46.1-cp310-abi3-manylinux_2_17_x86_64.manylinux2014_x86_64.whl (4.0 MB)
   ━━━━━━━━━━━━━━━━━━━━━━━━━━━━━━━━━━━━━━━━ 4.0/4.0 MB 33.5 MB/s  0:00:00
Downloading jsonschema_specifications-2025.9.1-py3-none-any.whl (18 kB)
Using cached markupsafe-3.0.3-cp312-cp312-manylinux2014_x86_64.manylinux_2_17_x86_64.manylinux_2_28_x86_64.whl (22 kB)
Downloading packaging-26.1-py3-none-any.whl (95 kB)
Downloading pygments-2.20.0-py3-none-any.whl (1.2 MB)
   ━━━━━━━━━━━━━━━━━━━━━━━━━━━━━━━━━━━━━━━━ 1.2/1.2 MB 55.7 MB/s  0:00:00
Downloading referencing-0.37.0-py3-none-any.whl (26 kB)
Downloading rich-15.0.0-py3-none-any.whl (310 kB)
Downloading markdown_it_py-4.0.0-py3-none-any.whl (87 kB)
Downloading mdurl-0.1.2-py3-none-any.whl (10.0 kB)
Downloading rpds_py-0.30.0-cp312-cp312-manylinux_2_17_x86_64.manylinux2014_x86_64.whl (394 kB)
Downloading starlette-1.0.0-py3-none-any.whl (72 kB)
Downloading anyio-4.13.0-py3-none-any.whl (114 kB)
Using cached six-1.17.0-py2.py3-none-any.whl (11 kB)
Installing collected packages: sortedcontainers, urllib3, tenacity, six, rpds-py, pyyaml, pyrate-limiter, pygments, pluggy, packaging, mdurl, markupsafe, jsonschema-rs, iniconfig, idna, hypothesis, harfile, h11, graphql-core, click, charset_normalizer, certifi, attrs, werkzeug, requests, referencing, pytest, markdown-it-py, junit-xml, hypothesis-graphql, httpcore, anyio, starlette, rich, jsonschema-specifications, httpx, starlette-testclient, jsonschema, hypothesis-jsonschema, schemathesis

Successfully installed anyio-4.13.0 attrs-26.1.0 certifi-2026.2.25 charset_normalizer-3.4.7 click-8.3.2 graphql-core-3.2.8 h11-0.16.0 harfile-0.4.0 httpcore-1.0.9 httpx-0.28.1 hypothesis-6.152.1 hypothesis-graphql-0.12.0 hypothesis-jsonschema-0.23.1 idna-3.11 iniconfig-2.3.0 jsonschema-4.26.0 jsonschema-rs-0.46.1 jsonschema-specifications-2025.9.1 junit-xml-1.9 markdown-it-py-4.0.0 markupsafe-3.0.3 mdurl-0.1.2 packaging-26.1 pluggy-1.6.0 pygments-2.20.0 pyrate-limiter-4.1.0 pytest-9.0.3 pyyaml-6.0.3 referencing-0.37.0 requests-2.33.1 rich-15.0.0 rpds-py-0.30.0 schemathesis-4.15.2 six-1.17.0 sortedcontainers-2.4.0 starlette-1.0.0 starlette-testclient-0.4.1 tenacity-9.1.4 urllib3-2.6.3 werkzeug-3.1.8
