Collecting kibot
  Downloading kibot-1.8.5-py3-none-any.whl.metadata (3.0 kB)
Collecting colorama (from kibot)
  Using cached colorama-0.4.6-py2.py3-none-any.whl.metadata (17 kB)
Collecting kiauto (from kibot)
  Downloading kiauto-2.3.6-py3-none-any.whl.metadata (14 kB)
Collecting lark (from kibot)
  Downloading lark-1.3.1-py3-none-any.whl.metadata (1.8 kB)
Collecting markdown2 (from kibot)
  Downloading markdown2-2.5.5-py3-none-any.whl.metadata (2.1 kB)
Collecting pyyaml (from kibot)
  Using cached pyyaml-6.0.3-cp312-cp312-manylinux2014_x86_64.manylinux_2_17_x86_64.manylinux_2_28_x86_64.whl.metadata (2.4 kB)
Collecting qrcodegen (from kibot)
  Downloading qrcodegen-1.8.0-py3-none-any.whl.metadata (2.9 kB)
Collecting requests (from kibot)
  Downloading requests-2.33.1-py3-none-any.whl.metadata (4.8 kB)
Collecting xlsxwriter (from kibot)
  Downloading xlsxwriter-3.2.9-py3-none-any.whl.metadata (2.7 kB)
Collecting psutil (from kiauto->kibot)
  Downloading psutil-7.2.2-cp36-abi3-manylinux2010_x86_64.manylinux_2_12_x86_64.manylinux_2_28_x86_64.whl.metadata (22 kB)
Collecting xvfbwrapper (from kiauto->kibot)
  Downloading xvfbwrapper-0.2.23-py3-none-any.whl.metadata (8.6 kB)
Collecting charset_normalizer<4,>=2 (from requests->kibot)
  Downloading charset_normalizer-3.4.7-cp312-cp312-manylinux2014_x86_64.manylinux_2_17_x86_64.manylinux_2_28_x86_64.whl.metadata (40 kB)
Collecting idna<4,>=2.5 (from requests->kibot)
  Using cached idna-3.11-py3-none-any.whl.metadata (8.4 kB)
Collecting urllib3<3,>=1.26 (from requests->kibot)
  Using cached urllib3-2.6.3-py3-none-any.whl.metadata (6.9 kB)
Collecting certifi>=2023.5.7 (from requests->kibot)
  Using cached certifi-2026.2.25-py3-none-any.whl.metadata (2.5 kB)
Downloading kibot-1.8.5-py3-none-any.whl (1.5 MB)
   ━━━━━━━━━━━━━━━━━━━━━━━━━━━━━━━━━━━━━━━━ 1.5/1.5 MB 2.6 MB/s  0:00:00
Using cached colorama-0.4.6-py2.py3-none-any.whl (25 kB)
Downloading kiauto-2.3.6-py3-none-any.whl (139 kB)
Downloading lark-1.3.1-py3-none-any.whl (113 kB)
Downloading markdown2-2.5.5-py3-none-any.whl (56 kB)
Downloading psutil-7.2.2-cp36-abi3-manylinux2010_x86_64.manylinux_2_12_x86_64.manylinux_2_28_x86_64.whl (155 kB)
Using cached pyyaml-6.0.3-cp312-cp312-manylinux2014_x86_64.manylinux_2_17_x86_64.manylinux_2_28_x86_64.whl (807 kB)
Downloading qrcodegen-1.8.0-py3-none-any.whl (14 kB)
Downloading requests-2.33.1-py3-none-any.whl (64 kB)
Downloading charset_normalizer-3.4.7-cp312-cp312-manylinux2014_x86_64.manylinux_2_17_x86_64.manylinux_2_28_x86_64.whl (216 kB)
Using cached idna-3.11-py3-none-any.whl (71 kB)
Using cached urllib3-2.6.3-py3-none-any.whl (131 kB)
Using cached certifi-2026.2.25-py3-none-any.whl (153 kB)
Downloading xlsxwriter-3.2.9-py3-none-any.whl (175 kB)
Downloading xvfbwrapper-0.2.23-py3-none-any.whl (7.1 kB)
Installing collected packages: xvfbwrapper, xlsxwriter, urllib3, qrcodegen, pyyaml, psutil, markdown2, lark, idna, colorama, charset_normalizer, certifi, requests, kiauto, kibot

Successfully installed certifi-2026.2.25 charset_normalizer-3.4.7 colorama-0.4.6 idna-3.11 kiauto-2.3.6 kibot-1.8.5 lark-1.3.1 markdown2-2.5.5 psutil-7.2.2 pyyaml-6.0.3 qrcodegen-1.8.0 requests-2.33.1 urllib3-2.6.3 xlsxwriter-3.2.9 xvfbwrapper-0.2.23
